e:\projects\visual studio\вв\8\клиент\клиент\x64\debug\vc143.pdb
e:\projects\visual studio\вв\8\клиент\клиент\x64\debug\vc143.idb
e:\projects\visual studio\вв\8\клиент\клиент\x64\debug\клиент.obj
e:\projects\visual studio\вв\8\клиент\x64\debug\клиент.exe
e:\projects\visual studio\вв\8\клиент\x64\debug\клиент.pdb
e:\projects\visual studio\вв\8\клиент\клиент\x64\debug\клиент.ilk
e:\projects\visual studio\вв\8\общ\клиент\клиент\x64\debug\клиент.obj
e:\projects\visual studio\вв\8\общ\клиент\клиент\x64\debug\клиент.ilk
e:\projects\visual studio\вв\8\общ\клиент\клиент\x64\debug\vc143.idb
e:\projects\visual studio\вв\8\общ\клиент\клиент\x64\debug\vc143.pdb
e:\projects\visual studio\вв\8\общ\клиент\x64\debug\клиент.pdb
e:\projects\visual studio\вв\8\общ\клиент\x64\debug\клиент.exe
e:\projects\visual studio\вв\8\общ\клиент\клиент\x64\debug\клиент.tlog\cl.command.1.tlog
e:\projects\visual studio\вв\8\общ\клиент\клиент\x64\debug\клиент.tlog\cl.items.tlog
e:\projects\visual studio\вв\8\общ\клиент\клиент\x64\debug\клиент.tlog\cl.read.1.tlog
e:\projects\visual studio\вв\8\общ\клиент\клиент\x64\debug\клиент.tlog\cl.write.1.tlog
e:\projects\visual studio\вв\8\общ\клиент\клиент\x64\debug\клиент.tlog\link.command.1.tlog
e:\projects\visual studio\вв\8\общ\клиент\клиент\x64\debug\клиент.tlog\link.read.1.tlog
e:\projects\visual studio\вв\8\общ\клиент\клиент\x64\debug\клиент.tlog\link.secondary.1.tlog
e:\projects\visual studio\вв\8\общ\клиент\клиент\x64\debug\клиент.tlog\link.write.1.tlog
